<?xml version="1.0" encoding="UTF-8"?>
<!-- Generated by org.testng.reporters.JUnitReportReporter -->
<testsuite hostname="HYDPCM581971L" failures="0" tests="4" name="testCases.Validations.TC_LoginFunctionUsingDDT" time="15.540" errors="0" timestamp="2024-08-13T11:59:09 IST" skipped="0">
  <testcase classname="testCases.Validations.TC_LoginFunctionUsingDDT" name="LoginTestcase" time="10.968"/>
  <testcase classname="testCases.Validations.TC_LoginFunctionUsingDDT" name="LoginTestcase" time="1.608"/>
  <testcase classname="testCases.Validations.TC_LoginFunctionUsingDDT" name="LoginTestcase" time="1.461"/>
  <testcase classname="testCases.Validations.TC_LoginFunctionUsingDDT" name="LoginTestcase" time="1.503"/>
</testsuite> <!-- testCases.Validations.TC_LoginFunctionUsingDDT -->
