<?xml version="1.0" encoding="UTF-8"?>
<!-- Generated by org.testng.reporters.JUnitReportReporter -->
<testsuite hostname="HYDPCM581971L" failures="0" tests="4" name="testCases.Validations.TC_LoginFunctionUsingDDT" time="15.594" errors="0" timestamp="2024-08-13T12:46:12 IST" skipped="0">
  <testcase classname="testCases.Validations.TC_LoginFunctionUsingDDT" name="LoginTestcase" time="11.007"/>
  <testcase classname="testCases.Validations.TC_LoginFunctionUsingDDT" name="LoginTestcase" time="1.666"/>
  <testcase classname="testCases.Validations.TC_LoginFunctionUsingDDT" name="LoginTestcase" time="1.429"/>
  <testcase classname="testCases.Validations.TC_LoginFunctionUsingDDT" name="LoginTestcase" time="1.492"/>
</testsuite> <!-- testCases.Validations.TC_LoginFunctionUsingDDT -->
