<?xml version="1.0" encoding="UTF-8"?>
<!-- Generated by org.testng.reporters.JUnitReportReporter -->
<testsuite hostname="HYDPCM581971L" failures="0" tests="1" name="testCases.Validations.TC_AccountRegistration" time="4.210" errors="0" timestamp="2024-08-06T16:37:16 IST" skipped="0">
  <testcase classname="testCases.Validations.TC_AccountRegistration" name="AccountRegistrationTest" time="4.210"/>
</testsuite> <!-- testCases.Validations.TC_AccountRegistration -->
