<?xml version="1.0" encoding="UTF-8"?>
<!-- Generated by org.testng.reporters.JUnitReportReporter -->
<testsuite hostname="HYDPCM581971L" failures="0" tests="1" name="testCases.Validations.TC_AccountRegistration" time="2.133" errors="0" timestamp="2024-08-13T12:01:18 IST" skipped="0">
  <testcase classname="testCases.Validations.TC_AccountRegistration" name="AccountRegistrationTest" time="2.133"/>
</testsuite> <!-- testCases.Validations.TC_AccountRegistration -->
